<?xml version="1.0" encoding="UTF-8"?>
<!-- Generated by org.testng.reporters.JUnitXMLReporter -->
<testsuite ignored="0" hostname="LAPTOP-8CLGC0DO" failures="0" tests="3" name="IETest" time="23.861" errors="0" timestamp="2024-03-12T21:56:26 IST">
  <testcase classname="com.mystore.testcase.IndexPageTest" name="verifyTitle" time="0.03"/>
  <testcase classname="com.mystore.testcase.IndexPageTest" name="verifylogo" time="0.21"/>
  <testcase classname="com.mystore.testcase.IndexPageTest" name="verifylogo" time="0.103"/>
</testsuite> <!-- IETest -->
