<?xml version="1.0" encoding="UTF-8"?>
<testng-results ignored="14" total="25" passed="11" failed="0" skipped="0">
  <reporter-output>
  </reporter-output>
  <suite started-at="2024-03-14T10:50:13 IST" name="Suite" finished-at="2024-03-14T10:53:03 IST" duration-ms="169902">
    <groups>
      <group name="Sanity">
        <method signature="AccountCreationPageTest.verifyCreateaccountPageTest()[pri:0, instance:com.mystore.testcase.AccountCreationPageTest@4d465b11]" name="verifyCreateaccountPageTest" class="com.mystore.testcase.AccountCreationPageTest"/>
        <method signature="AddTOCartPageTest.verifyProducttoAddInCart()[pri:0, instance:com.mystore.testcase.AddTOCartPageTest@383bfa16]" name="verifyProducttoAddInCart" class="com.mystore.testcase.AddTOCartPageTest"/>
        <method signature="LoginPageTest.logintest(java.lang.String, java.lang.String)[pri:0, instance:com.mystore.testcase.LoginPageTest@5562c41e]" name="logintest" class="com.mystore.testcase.LoginPageTest"/>
      </group> <!-- Sanity -->
      <group name="Regression">
        <method signature="AddTOCartPageTest.verifyProducttoAddInCart()[pri:0, instance:com.mystore.testcase.AddTOCartPageTest@383bfa16]" name="verifyProducttoAddInCart" class="com.mystore.testcase.AddTOCartPageTest"/>
        <method signature="EndToEndTest.EndtoEndTest()[pri:0, instance:com.mystore.testcase.EndToEndTest@53fdffa1]" name="EndtoEndTest" class="com.mystore.testcase.EndToEndTest"/>
        <method signature="OrderPsageTest.verifyTotalPrice()[pri:0, instance:com.mystore.testcase.OrderPsageTest@71def8f8]" name="verifyTotalPrice" class="com.mystore.testcase.OrderPsageTest"/>
      </group> <!-- Regression -->
      <group name="Smoke">
        <method signature="HomePageTest.Orderhistorydetails()[pri:0, instance:com.mystore.testcase.HomePageTest@32ee6fee]" name="Orderhistorydetails" class="com.mystore.testcase.HomePageTest"/>
        <method signature="HomePageTest.verifyWishLisTest()[pri:0, instance:com.mystore.testcase.HomePageTest@32ee6fee]" name="verifyWishLisTest" class="com.mystore.testcase.HomePageTest"/>
        <method signature="IndexPageTest.verifyTitle()[pri:0, instance:com.mystore.testcase.IndexPageTest@16610890]" name="verifyTitle" class="com.mystore.testcase.IndexPageTest"/>
        <method signature="IndexPageTest.verifylogo()[pri:0, instance:com.mystore.testcase.IndexPageTest@16610890]" name="verifylogo" class="com.mystore.testcase.IndexPageTest"/>
        <method signature="LoginPageTest.logintest(java.lang.String, java.lang.String)[pri:0, instance:com.mystore.testcase.LoginPageTest@5562c41e]" name="logintest" class="com.mystore.testcase.LoginPageTest"/>
        <method signature="SearchResultPageTest.verifyProductAvailability()[pri:0, instance:com.mystore.testcase.SearchResultPageTest@3bf9ce3e]" name="verifyProductAvailability" class="com.mystore.testcase.SearchResultPageTest"/>
        <method signature="SearchResultPageTest.verifyProductclikable()[pri:0, instance:com.mystore.testcase.SearchResultPageTest@3bf9ce3e]" name="verifyProductclikable" class="com.mystore.testcase.SearchResultPageTest"/>
      </group> <!-- Smoke -->
    </groups>
    <test started-at="2024-03-14T10:50:13 IST" name="Test_All" finished-at="2024-03-14T10:53:03 IST" duration-ms="169902">
      <class name="com.mystore.testcase.IndexPageTest">
        <test-method is-config="true" signature="setup(java.lang.String)[pri:0, instance:com.mystore.testcase.IndexPageTest@16610890]" started-at="2024-03-14T10:50:43 IST" name="setup" finished-at="2024-03-14T10:50:53 IST" duration-ms="9397" status="PASS">
          <params>
            <param index="0">
              <value>
                <![CDATA[Chrome]]>
              </value>
            </param>
          </params>
          <reporter-output>
          </reporter-output>
        </test-method> <!-- setup -->
        <test-method signature="verifyTitle()[pri:0, instance:com.mystore.testcase.IndexPageTest@16610890]" started-at="2024-03-14T10:50:53 IST" name="verifyTitle" finished-at="2024-03-14T10:50:53 IST" duration-ms="24" status="PASS">
          <reporter-output>
          </reporter-output>
        </test-method> <!-- verifyTitle -->
        <test-method is-config="true" signature="teatDown()[pri:0, instance:com.mystore.testcase.IndexPageTest@16610890]" started-at="2024-03-14T10:50:53 IST" name="teatDown" finished-at="2024-03-14T10:50:54 IST" duration-ms="820" status="PASS">
          <reporter-output>
          </reporter-output>
        </test-method> <!-- teatDown -->
        <test-method is-config="true" signature="setup(java.lang.String)[pri:0, instance:com.mystore.testcase.IndexPageTest@16610890]" started-at="2024-03-14T10:50:54 IST" name="setup" finished-at="2024-03-14T10:51:03 IST" duration-ms="8996" status="PASS">
          <params>
            <param index="0">
              <value>
                <![CDATA[Chrome]]>
              </value>
            </param>
          </params>
          <reporter-output>
          </reporter-output>
        </test-method> <!-- setup -->
        <test-method signature="verifylogo()[pri:0, instance:com.mystore.testcase.IndexPageTest@16610890]" started-at="2024-03-14T10:51:03 IST" name="verifylogo" finished-at="2024-03-14T10:51:03 IST" duration-ms="143" status="PASS">
          <reporter-output>
          </reporter-output>
        </test-method> <!-- verifylogo -->
        <test-method is-config="true" signature="teatDown()[pri:0, instance:com.mystore.testcase.IndexPageTest@16610890]" started-at="2024-03-14T10:51:03 IST" name="teatDown" finished-at="2024-03-14T10:51:04 IST" duration-ms="766" status="PASS">
          <reporter-output>
          </reporter-output>
        </test-method> <!-- teatDown -->
      </class> <!-- com.mystore.testcase.IndexPageTest -->
      <class name="com.mystore.testcase.HomePageTest">
        <test-method is-config="true" signature="setup(java.lang.String)[pri:0, instance:com.mystore.testcase.HomePageTest@32ee6fee]" started-at="2024-03-14T10:52:37 IST" name="setup" finished-at="2024-03-14T10:52:45 IST" duration-ms="7455" status="PASS">
          <params>
            <param index="0">
              <value>
                <![CDATA[Chrome]]>
              </value>
            </param>
          </params>
          <reporter-output>
          </reporter-output>
        </test-method> <!-- setup -->
        <test-method signature="Orderhistorydetails()[pri:0, instance:com.mystore.testcase.HomePageTest@32ee6fee]" started-at="2024-03-14T10:52:45 IST" name="Orderhistorydetails" finished-at="2024-03-14T10:52:48 IST" duration-ms="3301" status="PASS">
          <reporter-output>
          </reporter-output>
        </test-method> <!-- Orderhistorydetails -->
        <test-method is-config="true" signature="teatDown()[pri:0, instance:com.mystore.testcase.HomePageTest@32ee6fee]" started-at="2024-03-14T10:52:48 IST" name="teatDown" finished-at="2024-03-14T10:52:49 IST" duration-ms="852" status="PASS">
          <reporter-output>
          </reporter-output>
        </test-method> <!-- teatDown -->
        <test-method is-config="true" signature="setup(java.lang.String)[pri:0, instance:com.mystore.testcase.HomePageTest@32ee6fee]" started-at="2024-03-14T10:52:49 IST" name="setup" finished-at="2024-03-14T10:52:53 IST" duration-ms="3959" status="PASS">
          <params>
            <param index="0">
              <value>
                <![CDATA[Chrome]]>
              </value>
            </param>
          </params>
          <reporter-output>
          </reporter-output>
        </test-method> <!-- setup -->
        <test-method signature="verifyWishLisTest()[pri:0, instance:com.mystore.testcase.HomePageTest@32ee6fee]" started-at="2024-03-14T10:52:53 IST" name="verifyWishLisTest" finished-at="2024-03-14T10:53:02 IST" duration-ms="9095" status="PASS">
          <reporter-output>
          </reporter-output>
        </test-method> <!-- verifyWishLisTest -->
        <test-method is-config="true" signature="teatDown()[pri:0, instance:com.mystore.testcase.HomePageTest@32ee6fee]" started-at="2024-03-14T10:53:02 IST" name="teatDown" finished-at="2024-03-14T10:53:03 IST" duration-ms="814" status="PASS">
          <reporter-output>
          </reporter-output>
        </test-method> <!-- teatDown -->
      </class> <!-- com.mystore.testcase.HomePageTest -->
      <class name="com.mystore.testcase.AddTOCartPageTest">
        <test-method is-config="true" signature="setup(java.lang.String)[pri:0, instance:com.mystore.testcase.AddTOCartPageTest@383bfa16]" started-at="2024-03-14T10:51:23 IST" name="setup" finished-at="2024-03-14T10:51:32 IST" duration-ms="8778" status="PASS">
          <params>
            <param index="0">
              <value>
                <![CDATA[Chrome]]>
              </value>
            </param>
          </params>
          <reporter-output>
          </reporter-output>
        </test-method> <!-- setup -->
        <test-method signature="verifyProducttoAddInCart()[pri:0, instance:com.mystore.testcase.AddTOCartPageTest@383bfa16]" started-at="2024-03-14T10:51:32 IST" name="verifyProducttoAddInCart" finished-at="2024-03-14T10:51:39 IST" duration-ms="6550" status="PASS">
          <reporter-output>
          </reporter-output>
        </test-method> <!-- verifyProducttoAddInCart -->
        <test-method is-config="true" signature="teatDown()[pri:0, instance:com.mystore.testcase.AddTOCartPageTest@383bfa16]" started-at="2024-03-14T10:51:39 IST" name="teatDown" finished-at="2024-03-14T10:51:39 IST" duration-ms="779" status="PASS">
          <reporter-output>
          </reporter-output>
        </test-method> <!-- teatDown -->
      </class> <!-- com.mystore.testcase.AddTOCartPageTest -->
      <class name="com.mystore.testcase.AccountCreationPageTest">
        <test-method is-config="true" signature="setup(java.lang.String)[pri:0, instance:com.mystore.testcase.AccountCreationPageTest@4d465b11]" started-at="2024-03-14T10:51:39 IST" name="setup" finished-at="2024-03-14T10:51:47 IST" duration-ms="7406" status="PASS">
          <params>
            <param index="0">
              <value>
                <![CDATA[Chrome]]>
              </value>
            </param>
          </params>
          <reporter-output>
          </reporter-output>
        </test-method> <!-- setup -->
        <test-method signature="verifyCreateaccountPageTest()[pri:0, instance:com.mystore.testcase.AccountCreationPageTest@4d465b11]" started-at="2024-03-14T10:51:47 IST" name="verifyCreateaccountPageTest" finished-at="2024-03-14T10:51:50 IST" duration-ms="2827" status="PASS">
          <reporter-output>
          </reporter-output>
        </test-method> <!-- verifyCreateaccountPageTest -->
        <test-method is-config="true" signature="teatDown()[pri:0, instance:com.mystore.testcase.AccountCreationPageTest@4d465b11]" started-at="2024-03-14T10:51:50 IST" name="teatDown" finished-at="2024-03-14T10:51:50 IST" duration-ms="818" status="PASS">
          <reporter-output>
          </reporter-output>
        </test-method> <!-- teatDown -->
      </class> <!-- com.mystore.testcase.AccountCreationPageTest -->
      <class name="com.mystore.testcase.OrderPsageTest">
        <test-method is-config="true" signature="setup(java.lang.String)[pri:0, instance:com.mystore.testcase.OrderPsageTest@71def8f8]" started-at="2024-03-14T10:51:04 IST" name="setup" finished-at="2024-03-14T10:51:11 IST" duration-ms="7494" status="PASS">
          <params>
            <param index="0">
              <value>
                <![CDATA[Chrome]]>
              </value>
            </param>
          </params>
          <reporter-output>
          </reporter-output>
        </test-method> <!-- setup -->
        <test-method signature="verifyTotalPrice()[pri:0, instance:com.mystore.testcase.OrderPsageTest@71def8f8]" started-at="2024-03-14T10:51:11 IST" name="verifyTotalPrice" finished-at="2024-03-14T10:51:22 IST" duration-ms="11388" status="PASS">
          <reporter-output>
          </reporter-output>
        </test-method> <!-- verifyTotalPrice -->
        <test-method is-config="true" signature="teatDown()[pri:0, instance:com.mystore.testcase.OrderPsageTest@71def8f8]" started-at="2024-03-14T10:51:22 IST" name="teatDown" finished-at="2024-03-14T10:51:23 IST" duration-ms="857" status="PASS">
          <reporter-output>
          </reporter-output>
        </test-method> <!-- teatDown -->
      </class> <!-- com.mystore.testcase.OrderPsageTest -->
      <class name="com.mystore.testcase.EndToEndTest">
        <test-method is-config="true" signature="setup(java.lang.String)[pri:0, instance:com.mystore.testcase.EndToEndTest@53fdffa1]" started-at="2024-03-14T10:51:50 IST" name="setup" finished-at="2024-03-14T10:51:58 IST" duration-ms="7146" status="PASS">
          <params>
            <param index="0">
              <value>
                <![CDATA[Chrome]]>
              </value>
            </param>
          </params>
          <reporter-output>
          </reporter-output>
        </test-method> <!-- setup -->
        <test-method signature="EndtoEndTest()[pri:0, instance:com.mystore.testcase.EndToEndTest@53fdffa1]" started-at="2024-03-14T10:51:58 IST" name="EndtoEndTest" finished-at="2024-03-14T10:52:20 IST" duration-ms="22135" status="PASS">
          <reporter-output>
          </reporter-output>
        </test-method> <!-- EndtoEndTest -->
        <test-method is-config="true" signature="teatDown()[pri:0, instance:com.mystore.testcase.EndToEndTest@53fdffa1]" started-at="2024-03-14T10:52:20 IST" name="teatDown" finished-at="2024-03-14T10:52:21 IST" duration-ms="918" status="PASS">
          <reporter-output>
          </reporter-output>
        </test-method> <!-- teatDown -->
      </class> <!-- com.mystore.testcase.EndToEndTest -->
      <class name="com.mystore.testcase.LoginPageTest">
        <test-method is-config="true" signature="setup(java.lang.String)[pri:0, instance:com.mystore.testcase.LoginPageTest@5562c41e]" started-at="2024-03-14T10:52:23 IST" name="setup" finished-at="2024-03-14T10:52:28 IST" duration-ms="5241" status="PASS">
          <params>
            <param index="0">
              <value>
                <![CDATA[Chrome]]>
              </value>
            </param>
          </params>
          <reporter-output>
          </reporter-output>
        </test-method> <!-- setup -->
        <test-method signature="logintest(java.lang.String, java.lang.String)[pri:0, instance:com.mystore.testcase.LoginPageTest@5562c41e]" started-at="2024-03-14T10:52:28 IST" name="logintest" data-provider="credentials" finished-at="2024-03-14T10:52:36 IST" duration-ms="8057" status="PASS">
          <params>
            <param index="0">
              <value>
                <![CDATA[pqr@gmail.com]]>
              </value>
            </param>
            <param index="1">
              <value>
                <![CDATA[pqrst]]>
              </value>
            </param>
          </params>
          <reporter-output>
          </reporter-output>
        </test-method> <!-- logintest -->
        <test-method is-config="true" signature="teatDown()[pri:0, instance:com.mystore.testcase.LoginPageTest@5562c41e]" started-at="2024-03-14T10:52:36 IST" name="teatDown" finished-at="2024-03-14T10:52:37 IST" duration-ms="858" status="PASS">
          <reporter-output>
          </reporter-output>
        </test-method> <!-- teatDown -->
      </class> <!-- com.mystore.testcase.LoginPageTest -->
      <class name="com.mystore.testcase.SearchResultPageTest">
        <test-method is-config="true" signature="loadConfig()[pri:0, instance:com.mystore.testcase.SearchResultPageTest@3bf9ce3e]" started-at="2024-03-14T10:50:12 IST" name="loadConfig" finished-at="2024-03-14T10:50:13 IST" duration-ms="488" status="PASS">
          <reporter-output>
          </reporter-output>
        </test-method> <!-- loadConfig -->
        <test-method is-config="true" signature="setup(java.lang.String)[pri:0, instance:com.mystore.testcase.SearchResultPageTest@3bf9ce3e]" started-at="2024-03-14T10:50:13 IST" name="setup" finished-at="2024-03-14T10:50:28 IST" duration-ms="15337" status="PASS">
          <params>
            <param index="0">
              <value>
                <![CDATA[Chrome]]>
              </value>
            </param>
          </params>
          <reporter-output>
          </reporter-output>
        </test-method> <!-- setup -->
        <test-method signature="verifyProductAvailability()[pri:0, instance:com.mystore.testcase.SearchResultPageTest@3bf9ce3e]" started-at="2024-03-14T10:50:28 IST" name="verifyProductAvailability" finished-at="2024-03-14T10:50:30 IST" duration-ms="2062" status="PASS">
          <reporter-output>
          </reporter-output>
        </test-method> <!-- verifyProductAvailability -->
        <test-method is-config="true" signature="teatDown()[pri:0, instance:com.mystore.testcase.SearchResultPageTest@3bf9ce3e]" started-at="2024-03-14T10:50:30 IST" name="teatDown" finished-at="2024-03-14T10:50:31 IST" duration-ms="854" status="PASS">
          <reporter-output>
          </reporter-output>
        </test-method> <!-- teatDown -->
        <test-method is-config="true" signature="setup(java.lang.String)[pri:0, instance:com.mystore.testcase.SearchResultPageTest@3bf9ce3e]" started-at="2024-03-14T10:50:31 IST" name="setup" finished-at="2024-03-14T10:50:35 IST" duration-ms="4034" status="PASS">
          <params>
            <param index="0">
              <value>
                <![CDATA[Chrome]]>
              </value>
            </param>
          </params>
          <reporter-output>
          </reporter-output>
        </test-method> <!-- setup -->
        <test-method signature="verifyProductclikable()[pri:0, instance:com.mystore.testcase.SearchResultPageTest@3bf9ce3e]" started-at="2024-03-14T10:50:35 IST" name="verifyProductclikable" finished-at="2024-03-14T10:50:43 IST" duration-ms="7236" status="PASS">
          <reporter-output>
          </reporter-output>
        </test-method> <!-- verifyProductclikable -->
        <test-method is-config="true" signature="teatDown()[pri:0, instance:com.mystore.testcase.SearchResultPageTest@3bf9ce3e]" started-at="2024-03-14T10:50:43 IST" name="teatDown" finished-at="2024-03-14T10:50:43 IST" duration-ms="834" status="PASS">
          <reporter-output>
          </reporter-output>
        </test-method> <!-- teatDown -->
        <test-method is-config="true" signature="afterSuite()[pri:0, instance:com.mystore.testcase.SearchResultPageTest@3bf9ce3e]" started-at="2024-03-14T10:53:03 IST" name="afterSuite" finished-at="2024-03-14T10:53:04 IST" duration-ms="660" status="PASS">
          <reporter-output>
          </reporter-output>
        </test-method> <!-- afterSuite -->
      </class> <!-- com.mystore.testcase.SearchResultPageTest -->
    </test> <!-- Test_All -->
  </suite> <!-- Suite -->
</testng-results>
