<?xml version="1.0" encoding="UTF-8"?>
<!-- Generated by org.testng.reporters.JUnitXMLReporter -->
<testsuite ignored="14" hostname="LAPTOP-8CLGC0DO" failures="0" tests="11" name="Test_All" time="169.902" errors="0" timestamp="2024-03-14T10:53:03 IST">
  <testcase classname="com.mystore.testcase.SearchResultPageTest" name="verifyProductAvailability" time="2.062"/>
  <testcase classname="com.mystore.testcase.SearchResultPageTest" name="verifyProductclikable" time="7.236"/>
  <testcase classname="com.mystore.testcase.IndexPageTest" name="verifyTitle" time="0.024"/>
  <testcase classname="com.mystore.testcase.IndexPageTest" name="verifylogo" time="0.143"/>
  <testcase classname="com.mystore.testcase.OrderPsageTest" name="verifyTotalPrice" time="11.388"/>
  <testcase classname="com.mystore.testcase.AddTOCartPageTest" name="verifyProducttoAddInCart" time="6.55"/>
  <testcase classname="com.mystore.testcase.AccountCreationPageTest" name="verifyCreateaccountPageTest" time="2.827"/>
  <testcase classname="com.mystore.testcase.EndToEndTest" name="EndtoEndTest" time="22.135"/>
  <testcase classname="com.mystore.testcase.LoginPageTest" name="logintest" time="8.057"/>
  <testcase classname="com.mystore.testcase.HomePageTest" name="Orderhistorydetails" time="3.301"/>
  <testcase classname="com.mystore.testcase.HomePageTest" name="verifyWishLisTest" time="9.095"/>
  <testcase classname="com.mystore.base.BaseClass" name="@BeforeSuite loadConfig" time="0.0">
    <ignored/>
  </testcase> <!-- @BeforeSuite loadConfig -->
  <testcase classname="com.mystore.base.BaseClass" name="@BeforeSuite loadConfig" time="0.0">
    <ignored/>
  </testcase> <!-- @BeforeSuite loadConfig -->
  <testcase classname="com.mystore.base.BaseClass" name="@BeforeSuite loadConfig" time="0.0">
    <ignored/>
  </testcase> <!-- @BeforeSuite loadConfig -->
  <testcase classname="com.mystore.base.BaseClass" name="@BeforeSuite loadConfig" time="0.0">
    <ignored/>
  </testcase> <!-- @BeforeSuite loadConfig -->
  <testcase classname="com.mystore.base.BaseClass" name="@BeforeSuite loadConfig" time="0.0">
    <ignored/>
  </testcase> <!-- @BeforeSuite loadConfig -->
  <testcase classname="com.mystore.base.BaseClass" name="@BeforeSuite loadConfig" time="0.0">
    <ignored/>
  </testcase> <!-- @BeforeSuite loadConfig -->
  <testcase classname="com.mystore.base.BaseClass" name="@BeforeSuite loadConfig" time="0.0">
    <ignored/>
  </testcase> <!-- @BeforeSuite loadConfig -->
  <testcase classname="com.mystore.base.BaseClass" name="@AfterSuite afterSuite" time="0.0">
    <ignored/>
  </testcase> <!-- @AfterSuite afterSuite -->
  <testcase classname="com.mystore.base.BaseClass" name="@AfterSuite afterSuite" time="0.0">
    <ignored/>
  </testcase> <!-- @AfterSuite afterSuite -->
  <testcase classname="com.mystore.base.BaseClass" name="@AfterSuite afterSuite" time="0.0">
    <ignored/>
  </testcase> <!-- @AfterSuite afterSuite -->
  <testcase classname="com.mystore.base.BaseClass" name="@AfterSuite afterSuite" time="0.0">
    <ignored/>
  </testcase> <!-- @AfterSuite afterSuite -->
  <testcase classname="com.mystore.base.BaseClass" name="@AfterSuite afterSuite" time="0.0">
    <ignored/>
  </testcase> <!-- @AfterSuite afterSuite -->
  <testcase classname="com.mystore.base.BaseClass" name="@AfterSuite afterSuite" time="0.0">
    <ignored/>
  </testcase> <!-- @AfterSuite afterSuite -->
  <testcase classname="com.mystore.base.BaseClass" name="@AfterSuite afterSuite" time="0.0">
    <ignored/>
  </testcase> <!-- @AfterSuite afterSuite -->
</testsuite> <!-- Test_All -->
